  ChildView.cpp
C:\Users\user\OneDrive\Desktop\cpp_final\22013451_최건우_\cpp_22013451_cgw\cpp_22013451\ChildView.cpp(286,14): warning C4267: '초기화 중': 'size_t'에서 'int'(으)로 변환하면서 데이터가 손실될 수 있습니다.
  (소스 파일 '/ChildView.cpp'을(를) 컴파일하는 중)
  
C:\Users\user\OneDrive\Desktop\cpp_final\22013451_최건우_\cpp_22013451_cgw\cpp_22013451\ChildView.cpp(287,15): warning C4267: '초기화 중': 'size_t'에서 'int'(으)로 변환하면서 데이터가 손실될 수 있습니다.
  (소스 파일 '/ChildView.cpp'을(를) 컴파일하는 중)
  
C:\Users\user\OneDrive\Desktop\cpp_final\22013451_최건우_\cpp_22013451_cgw\cpp_22013451\ChildView.cpp(309,21): warning C4267: '초기화 중': 'size_t'에서 'int'(으)로 변환하면서 데이터가 손실될 수 있습니다.
  (소스 파일 '/ChildView.cpp'을(를) 컴파일하는 중)
  
C:\Users\user\OneDrive\Desktop\cpp_final\22013451_최건우_\cpp_22013451_cgw\cpp_22013451\ChildView.cpp(310,17): warning C4267: '초기화 중': 'size_t'에서 'int'(으)로 변환하면서 데이터가 손실될 수 있습니다.
  (소스 파일 '/ChildView.cpp'을(를) 컴파일하는 중)
  
C:\Users\user\OneDrive\Desktop\cpp_final\22013451_최건우_\cpp_22013451_cgw\cpp_22013451\ChildView.cpp(330,14): warning C4267: '초기화 중': 'size_t'에서 'int'(으)로 변환하면서 데이터가 손실될 수 있습니다.
  (소스 파일 '/ChildView.cpp'을(를) 컴파일하는 중)
  
C:\Users\user\OneDrive\Desktop\cpp_final\22013451_최건우_\cpp_22013451_cgw\cpp_22013451\ChildView.cpp(331,15): warning C4267: '초기화 중': 'size_t'에서 'int'(으)로 변환하면서 데이터가 손실될 수 있습니다.
  (소스 파일 '/ChildView.cpp'을(를) 컴파일하는 중)
  
C:\Users\user\OneDrive\Desktop\cpp_final\22013451_최건우_\cpp_22013451_cgw\cpp_22013451\ChildView.cpp(349,21): warning C4267: '초기화 중': 'size_t'에서 'int'(으)로 변환하면서 데이터가 손실될 수 있습니다.
  (소스 파일 '/ChildView.cpp'을(를) 컴파일하는 중)
  
C:\Users\user\OneDrive\Desktop\cpp_final\22013451_최건우_\cpp_22013451_cgw\cpp_22013451\ChildView.cpp(350,17): warning C4267: '초기화 중': 'size_t'에서 'int'(으)로 변환하면서 데이터가 손실될 수 있습니다.
  (소스 파일 '/ChildView.cpp'을(를) 컴파일하는 중)
  
C:\Users\user\OneDrive\Desktop\cpp_final\22013451_최건우_\cpp_22013451_cgw\cpp_22013451\ChildView.cpp(400,34): warning C4244: '=': 'double'에서 'int'(으)로 변환하면서 데이터가 손실될 수 있습니다.
  (소스 파일 '/ChildView.cpp'을(를) 컴파일하는 중)
  
C:\Users\user\OneDrive\Desktop\cpp_final\22013451_최건우_\cpp_22013451_cgw\cpp_22013451\ChildView.cpp(410,34): warning C4244: '=': 'double'에서 'int'(으)로 변환하면서 데이터가 손실될 수 있습니다.
  (소스 파일 '/ChildView.cpp'을(를) 컴파일하는 중)
  
C:\Users\user\OneDrive\Desktop\cpp_final\22013451_최건우_\cpp_22013451_cgw\cpp_22013451\ChildView.cpp(530,13): warning C4267: '초기화 중': 'size_t'에서 'int'(으)로 변환하면서 데이터가 손실될 수 있습니다.
  (소스 파일 '/ChildView.cpp'을(를) 컴파일하는 중)
  
C:\Users\user\OneDrive\Desktop\cpp_final\22013451_최건우_\cpp_22013451_cgw\cpp_22013451\ChildView.cpp(587,13): warning C4267: '초기화 중': 'size_t'에서 'int'(으)로 변환하면서 데이터가 손실될 수 있습니다.
  (소스 파일 '/ChildView.cpp'을(를) 컴파일하는 중)
  
  Homework_DrowingShape.vcxproj -> C:\Users\user\OneDrive\Desktop\cpp_final\22013451_최건우_\cpp_22013451_cgw\cpp_22013451\x64\Debug\cpp_homework.exe
